Determining if the pthread_create exist failed with the following output:
Change Dir: /home/sathya/aj-ws/ws-tlds/trans-compile/src/rstm/rstm-compile/CMakeFiles/CMakeTmp

Run Build Command:"/usr/bin/make" "cmTC_dc92f/fast"
/usr/bin/make -f CMakeFiles/cmTC_dc92f.dir/build.make CMakeFiles/cmTC_dc92f.dir/build
make[1]: Entering directory '/home/sathya/aj-ws/ws-tlds/trans-compile/src/rstm/rstm-compile/CMakeFiles/CMakeTmp'
Building C object CMakeFiles/cmTC_dc92f.dir/CheckSymbolExists.c.o
/usr/bin/cc    -O2 -g -DNDEBUG   -o CMakeFiles/cmTC_dc92f.dir/CheckSymbolExists.c.o   -c /home/sathya/aj-ws/ws-tlds/trans-compile/src/rstm/rstm-compile/CMakeFiles/CMakeTmp/CheckSymbolExists.c
Linking C executable cmTC_dc92f
/usr/bin/cmake -E cmake_link_script CMakeFiles/cmTC_dc92f.dir/link.txt --verbose=1
/usr/bin/cc    -O2 -g -DNDEBUG    CMakeFiles/cmTC_dc92f.dir/CheckSymbolExists.c.o  -o cmTC_dc92f -rdynamic 
CMakeFiles/cmTC_dc92f.dir/CheckSymbolExists.c.o: In function `main':
/home/sathya/aj-ws/ws-tlds/trans-compile/src/rstm/rstm-compile/CMakeFiles/CMakeTmp/CheckSymbolExists.c:8: undefined reference to `pthread_create'
collect2: error: ld returned 1 exit status
CMakeFiles/cmTC_dc92f.dir/build.make:97: recipe for target 'cmTC_dc92f' failed
make[1]: *** [cmTC_dc92f] Error 1
make[1]: Leaving directory '/home/sathya/aj-ws/ws-tlds/trans-compile/src/rstm/rstm-compile/CMakeFiles/CMakeTmp'
Makefile:126: recipe for target 'cmTC_dc92f/fast' failed
make: *** [cmTC_dc92f/fast] Error 2

File /home/sathya/aj-ws/ws-tlds/trans-compile/src/rstm/rstm-compile/CMakeFiles/CMakeTmp/CheckSymbolExists.c:
/* */
#include <pthread.h>

int main(int argc, char** argv)
{
  (void)argv;
#ifndef pthread_create
  return ((int*)(&pthread_create))[argc];
#else
  (void)argc;
  return 0;
#endif
}

Determining if the function pthread_create exists in the pthreads failed with the following output:
Change Dir: /home/sathya/aj-ws/ws-tlds/trans-compile/src/rstm/rstm-compile/CMakeFiles/CMakeTmp

Run Build Command:"/usr/bin/make" "cmTC_9df51/fast"
/usr/bin/make -f CMakeFiles/cmTC_9df51.dir/build.make CMakeFiles/cmTC_9df51.dir/build
make[1]: Entering directory '/home/sathya/aj-ws/ws-tlds/trans-compile/src/rstm/rstm-compile/CMakeFiles/CMakeTmp'
Building C object CMakeFiles/cmTC_9df51.dir/CheckFunctionExists.c.o
/usr/bin/cc    -DCHECK_FUNCTION_EXISTS=pthread_create -O2 -g -DNDEBUG   -o CMakeFiles/cmTC_9df51.dir/CheckFunctionExists.c.o   -c /usr/share/cmake-3.5/Modules/CheckFunctionExists.c
Linking C executable cmTC_9df51
/usr/bin/cmake -E cmake_link_script CMakeFiles/cmTC_9df51.dir/link.txt --verbose=1
/usr/bin/cc   -DCHECK_FUNCTION_EXISTS=pthread_create -O2 -g -DNDEBUG    CMakeFiles/cmTC_9df51.dir/CheckFunctionExists.c.o  -o cmTC_9df51 -rdynamic -lpthreads 
/usr/bin/ld: cannot find -lpthreads
collect2: error: ld returned 1 exit status
CMakeFiles/cmTC_9df51.dir/build.make:97: recipe for target 'cmTC_9df51' failed
make[1]: *** [cmTC_9df51] Error 1
make[1]: Leaving directory '/home/sathya/aj-ws/ws-tlds/trans-compile/src/rstm/rstm-compile/CMakeFiles/CMakeTmp'
Makefile:126: recipe for target 'cmTC_9df51/fast' failed
make: *** [cmTC_9df51/fast] Error 2


Performing C++ SOURCE FILE Test CXX_HAS_-m32 failed with the following output:
Change Dir: /home/sathya/aj-ws/ws-tlds/trans-compile/src/rstm/rstm-compile/CMakeFiles/CMakeTmp

Run Build Command:"/usr/bin/make" "cmTC_0a03e/fast"
/usr/bin/make -f CMakeFiles/cmTC_0a03e.dir/build.make CMakeFiles/cmTC_0a03e.dir/build
make[1]: Entering directory '/home/sathya/aj-ws/ws-tlds/trans-compile/src/rstm/rstm-compile/CMakeFiles/CMakeTmp'
Building CXX object CMakeFiles/cmTC_0a03e.dir/src.cxx.o
/usr/bin/c++     -Wall -msse2 -mfpmath=sse -march=core2 -mtune=core2 -DCXX_HAS_-m32  -O3 -g   -m32 -o CMakeFiles/cmTC_0a03e.dir/src.cxx.o -c /home/sathya/aj-ws/ws-tlds/trans-compile/src/rstm/rstm-compile/CMakeFiles/CMakeTmp/src.cxx
<command-line>:0:9: warning: missing whitespace after the macro name
Linking CXX executable cmTC_0a03e
/usr/bin/cmake -E cmake_link_script CMakeFiles/cmTC_0a03e.dir/link.txt --verbose=1
/usr/bin/c++    -Wall -msse2 -mfpmath=sse -march=core2 -mtune=core2 -DCXX_HAS_-m32  -O3 -g    CMakeFiles/cmTC_0a03e.dir/src.cxx.o  -o cmTC_0a03e -rdynamic -m32 
/usr/bin/ld: cannot find crt1.o: No such file or directory
/usr/bin/ld: cannot find crti.o: No such file or directory
/usr/bin/ld: skipping incompatible /usr/lib/gcc/x86_64-linux-gnu/5/libstdc++.so when searching for -lstdc++
/usr/bin/ld: skipping incompatible /usr/lib/gcc/x86_64-linux-gnu/5/libstdc++.a when searching for -lstdc++
/usr/bin/ld: cannot find -lstdc++
/usr/bin/ld: cannot find -lm
/usr/bin/ld: skipping incompatible /usr/lib/gcc/x86_64-linux-gnu/5/libgcc_s.so when searching for -lgcc_s
/usr/bin/ld: cannot find -lgcc_s
/usr/bin/ld: skipping incompatible /usr/lib/gcc/x86_64-linux-gnu/5/libgcc.a when searching for -lgcc
/usr/bin/ld: cannot find -lgcc
/usr/bin/ld: cannot find -lc
/usr/bin/ld: skipping incompatible /usr/lib/gcc/x86_64-linux-gnu/5/libgcc_s.so when searching for -lgcc_s
/usr/bin/ld: cannot find -lgcc_s
/usr/bin/ld: skipping incompatible /usr/lib/gcc/x86_64-linux-gnu/5/libgcc.a when searching for -lgcc
/usr/bin/ld: cannot find -lgcc
/usr/bin/ld: cannot find crtn.o: No such file or directory
collect2: error: ld returned 1 exit status
CMakeFiles/cmTC_0a03e.dir/build.make:97: recipe for target 'cmTC_0a03e' failed
make[1]: *** [cmTC_0a03e] Error 1
make[1]: Leaving directory '/home/sathya/aj-ws/ws-tlds/trans-compile/src/rstm/rstm-compile/CMakeFiles/CMakeTmp'
Makefile:126: recipe for target 'cmTC_0a03e/fast' failed
make: *** [cmTC_0a03e/fast] Error 2

Source file was:
int main() { return 0; }
Determining if the system is big endian passed with the following output:
Change Dir: /home/sathya/aj-ws/ws-tlds/trans-compile/src/rstm/rstm-compile/CMakeFiles/CMakeTmp

Run Build Command:"/usr/bin/make" "cmTC_cb850/fast"
/usr/bin/make -f CMakeFiles/cmTC_cb850.dir/build.make CMakeFiles/cmTC_cb850.dir/build
make[1]: Entering directory '/home/sathya/aj-ws/ws-tlds/trans-compile/src/rstm/rstm-compile/CMakeFiles/CMakeTmp'
Building C object CMakeFiles/cmTC_cb850.dir/TestEndianess.c.o
/usr/bin/cc    -O2 -g -DNDEBUG   -o CMakeFiles/cmTC_cb850.dir/TestEndianess.c.o   -c /home/sathya/aj-ws/ws-tlds/trans-compile/src/rstm/rstm-compile/CMakeFiles/CMakeTmp/TestEndianess.c
Linking C executable cmTC_cb850
/usr/bin/cmake -E cmake_link_script CMakeFiles/cmTC_cb850.dir/link.txt --verbose=1
/usr/bin/cc    -O2 -g -DNDEBUG    CMakeFiles/cmTC_cb850.dir/TestEndianess.c.o  -o cmTC_cb850 -rdynamic 
make[1]: Leaving directory '/home/sathya/aj-ws/ws-tlds/trans-compile/src/rstm/rstm-compile/CMakeFiles/CMakeTmp'

TestEndianess.c:
/* A 16 bit integer is required. */
typedef unsigned short cmakeint16;

/* On a little endian machine, these 16bit ints will give "THIS IS LITTLE ENDIAN."
   On a big endian machine the characters will be exchanged pairwise. */
const cmakeint16 info_little[] =  {0x4854, 0x5349, 0x4920, 0x2053, 0x494c, 0x5454, 0x454c, 0x4520, 0x444e, 0x4149, 0x2e4e, 0x0000};

/* on a big endian machine, these 16bit ints will give "THIS IS BIG ENDIAN."
   On a little endian machine the characters will be exchanged pairwise. */
const cmakeint16 info_big[] =     {0x5448, 0x4953, 0x2049, 0x5320, 0x4249, 0x4720, 0x454e, 0x4449, 0x414e, 0x2e2e, 0x0000};

#ifdef __CLASSIC_C__
int main(argc, argv) int argc; char *argv[];
#else
int main(int argc, char *argv[])
#endif
{
  int require = 0;
  require += info_little[argc];
  require += info_big[argc];
  (void)argv;
  return require;
}


