This file contains any messages produced by compilers while
running configure, to aid debugging if configure makes a mistake.

It was created by trans configure 1.0, which was
generated by GNU Autoconf 2.69.  Invocation command line was

  $ ../trans-dev/configure 

## --------- ##
## Platform. ##
## --------- ##

hostname = Vedan.iith.ac.in
uname -m = x86_64
uname -r = 4.4.0-62-generic
uname -s = Linux
uname -v = #83-Ubuntu SMP Wed Jan 18 14:10:15 UTC 2017

/usr/bin/uname -p = unknown
/bin/uname -X     = unknown

/bin/arch              = unknown
/usr/bin/arch -k       = unknown
/usr/convex/getsysinfo = unknown
/usr/bin/hostinfo      = unknown
/bin/machine           = unknown
/usr/bin/oslevel       = unknown
/bin/universe          = unknown

PATH: /usr/local/sbin
PATH: /usr/local/bin
PATH: /usr/sbin
PATH: /usr/bin
PATH: /sbin
PATH: /bin
PATH: /usr/games
PATH: /usr/local/games


## ----------- ##
## Core tests. ##
## ----------- ##

configure:2332: checking for a BSD-compatible install
configure:2400: result: /usr/bin/install -c
configure:2411: checking whether build environment is sane
configure:2466: result: yes
configure:2617: checking for a thread-safe mkdir -p
configure:2656: result: /bin/mkdir -p
configure:2663: checking for gawk
configure:2679: found /usr/bin/gawk
configure:2690: result: gawk
configure:2701: checking whether make sets $(MAKE)
configure:2723: result: yes
configure:2752: checking whether make supports nested variables
configure:2769: result: yes
configure:2932: checking build system type
configure:2946: result: x86_64-pc-linux-gnu
configure:2966: checking host system type
configure:2979: result: x86_64-pc-linux-gnu
configure:3020: checking how to print strings
configure:3047: result: printf
configure:3080: checking for style of include used by make
configure:3108: result: GNU
configure:3179: checking for gcc
configure:3195: found /usr/bin/gcc
configure:3206: result: gcc
configure:3435: checking for C compiler version
configure:3444: gcc --version >&5
gcc (Ubuntu 5.4.0-6ubuntu1~16.04.5) 5.4.0 20160609
Copyright (C) 2015 Free Software Foundation, Inc.
This is free software; see the source for copying conditions.  There is NO
warranty; not even for MERCHANTABILITY or FITNESS FOR A PARTICULAR PURPOSE.

configure:3455: $? = 0
configure:3444: gcc -v >&5
Using built-in specs.
COLLECT_GCC=gcc
COLLECT_LTO_WRAPPER=/usr/lib/gcc/x86_64-linux-gnu/5/lto-wrapper
Target: x86_64-linux-gnu
Configured with: ../src/configure -v --with-pkgversion='Ubuntu 5.4.0-6ubuntu1~16.04.5' --with-bugurl=file:///usr/share/doc/gcc-5/README.Bugs --enable-languages=c,ada,c++,java,go,d,fortran,objc,obj-c++ --prefix=/usr --program-suffix=-5 --enable-shared --enable-linker-build-id --libexecdir=/usr/lib --without-included-gettext --enable-threads=posix --libdir=/usr/lib --enable-nls --with-sysroot=/ --enable-clocale=gnu --enable-libstdcxx-debug --enable-libstdcxx-time=yes --with-default-libstdcxx-abi=new --enable-gnu-unique-object --disable-vtable-verify --enable-libmpx --enable-plugin --with-system-zlib --disable-browser-plugin --enable-java-awt=gtk --enable-gtk-cairo --with-java-home=/usr/lib/jvm/java-1.5.0-gcj-5-amd64/jre --enable-java-home --with-jvm-root-dir=/usr/lib/jvm/java-1.5.0-gcj-5-amd64 --with-jvm-jar-dir=/usr/lib/jvm-exports/java-1.5.0-gcj-5-amd64 --with-arch-directory=amd64 --with-ecj-jar=/usr/share/java/eclipse-ecj.jar --enable-objc-gc --enable-multiarch --disable-werror --with-arch-32=i686 --with-abi=m64 --with-multilib-list=m32,m64,mx32 --enable-multilib --with-tune=generic --enable-checking=release --build=x86_64-linux-gnu --host=x86_64-linux-gnu --target=x86_64-linux-gnu
Thread model: posix
gcc version 5.4.0 20160609 (Ubuntu 5.4.0-6ubuntu1~16.04.5) 
configure:3455: $? = 0
configure:3444: gcc -V >&5
gcc: error: unrecognized command line option '-V'
gcc: fatal error: no input files
compilation terminated.
configure:3455: $? = 1
configure:3444: gcc -qversion >&5
gcc: error: unrecognized command line option '-qversion'
gcc: fatal error: no input files
compilation terminated.
configure:3455: $? = 1
configure:3475: checking whether the C compiler works
configure:3497: gcc    conftest.c  >&5
configure:3501: $? = 0
configure:3549: result: yes
configure:3552: checking for C compiler default output file name
configure:3554: result: a.out
configure:3560: checking for suffix of executables
configure:3567: gcc -o conftest    conftest.c  >&5
configure:3571: $? = 0
configure:3593: result: 
configure:3615: checking whether we are cross compiling
configure:3623: gcc -o conftest    conftest.c  >&5
configure:3627: $? = 0
configure:3634: ./conftest
configure:3638: $? = 0
configure:3653: result: no
configure:3658: checking for suffix of object files
configure:3680: gcc -c   conftest.c >&5
configure:3684: $? = 0
configure:3705: result: o
configure:3709: checking whether we are using the GNU C compiler
configure:3728: gcc -c   conftest.c >&5
configure:3728: $? = 0
configure:3737: result: yes
configure:3746: checking whether gcc accepts -g
configure:3766: gcc -c -g  conftest.c >&5
configure:3766: $? = 0
configure:3807: result: yes
configure:3824: checking for gcc option to accept ISO C89
configure:3887: gcc  -c -g -O2  conftest.c >&5
configure:3887: $? = 0
configure:3900: result: none needed
configure:3925: checking whether gcc understands -c and -o together
configure:3947: gcc -c conftest.c -o conftest2.o
configure:3950: $? = 0
configure:3947: gcc -c conftest.c -o conftest2.o
configure:3950: $? = 0
configure:3962: result: yes
configure:3981: checking dependency style of gcc
configure:4092: result: gcc3
configure:4107: checking for a sed that does not truncate output
configure:4171: result: /bin/sed
configure:4189: checking for grep that handles long lines and -e
configure:4247: result: /bin/grep
configure:4252: checking for egrep
configure:4314: result: /bin/grep -E
configure:4319: checking for fgrep
configure:4381: result: /bin/grep -F
configure:4416: checking for ld used by gcc
configure:4483: result: /usr/bin/ld
configure:4490: checking if the linker (/usr/bin/ld) is GNU ld
configure:4505: result: yes
configure:4517: checking for BSD- or MS-compatible name lister (nm)
configure:4571: result: /usr/bin/nm -B
configure:4701: checking the name lister (/usr/bin/nm -B) interface
configure:4708: gcc -c -g -O2  conftest.c >&5
configure:4711: /usr/bin/nm -B "conftest.o"
configure:4714: output
0000000000000000 B some_variable
configure:4721: result: BSD nm
configure:4724: checking whether ln -s works
configure:4728: result: yes
configure:4736: checking the maximum length of command line arguments
configure:4867: result: 1572864
configure:4915: checking how to convert x86_64-pc-linux-gnu file names to x86_64-pc-linux-gnu format
configure:4955: result: func_convert_file_noop
configure:4962: checking how to convert x86_64-pc-linux-gnu file names to toolchain format
configure:4982: result: func_convert_file_noop
configure:4989: checking for /usr/bin/ld option to reload object files
configure:4996: result: -r
configure:5070: checking for objdump
configure:5086: found /usr/bin/objdump
configure:5097: result: objdump
configure:5129: checking how to recognize dependent libraries
configure:5329: result: pass_all
configure:5414: checking for dlltool
configure:5444: result: no
configure:5474: checking how to associate runtime and link libraries
configure:5501: result: printf %s\n
configure:5562: checking for ar
configure:5578: found /usr/bin/ar
configure:5589: result: ar
configure:5626: checking for archiver @FILE support
configure:5643: gcc -c -g -O2  conftest.c >&5
configure:5643: $? = 0
configure:5646: ar cru libconftest.a @conftest.lst >&5
ar: `u' modifier ignored since `D' is the default (see `U')
configure:5649: $? = 0
configure:5654: ar cru libconftest.a @conftest.lst >&5
ar: `u' modifier ignored since `D' is the default (see `U')
ar: conftest.o: No such file or directory
configure:5657: $? = 1
configure:5669: result: @
configure:5727: checking for strip
configure:5743: found /usr/bin/strip
configure:5754: result: strip
configure:5826: checking for ranlib
configure:5842: found /usr/bin/ranlib
configure:5853: result: ranlib
configure:5955: checking command to parse /usr/bin/nm -B output from gcc object
configure:6108: gcc -c -g -O2  conftest.c >&5
configure:6111: $? = 0
configure:6115: /usr/bin/nm -B conftest.o \| sed -n -e 's/^.*[ ]\([ABCDGIRSTW][ABCDGIRSTW]*\)[ ][ ]*\([_A-Za-z][_A-Za-z0-9]*\)$/\1 \2 \2/p' | sed '/ __gnu_lto/d' \> conftest.nm
configure:6118: $? = 0
configure:6184: gcc -o conftest -g -O2   conftest.c conftstm.o >&5
configure:6187: $? = 0
configure:6225: result: ok
configure:6272: checking for sysroot
configure:6302: result: no
configure:6309: checking for a working dd
configure:6347: result: /bin/dd
configure:6351: checking how to truncate binary pipes
configure:6366: result: /bin/dd bs=4096 count=1
configure:6502: gcc -c -g -O2  conftest.c >&5
configure:6505: $? = 0
configure:6695: checking for mt
configure:6711: found /bin/mt
configure:6722: result: mt
configure:6745: checking if mt is a manifest tool
configure:6751: mt '-?'
configure:6759: result: no
configure:7436: checking how to run the C preprocessor
configure:7467: gcc -E  conftest.c
configure:7467: $? = 0
configure:7481: gcc -E  conftest.c
conftest.c:11:28: fatal error: ac_nonexistent.h: No such file or directory
compilation terminated.
configure:7481: $? = 1
configure: failed program was:
| /* confdefs.h */
| #define PACKAGE_NAME "trans"
| #define PACKAGE_TARNAME "trans"
| #define PACKAGE_VERSION "1.0"
| #define PACKAGE_STRING "trans 1.0"
| #define PACKAGE_BUGREPORT "de-li.zhang@knights.ucf.edu"
| #define PACKAGE_URL ""
| #define PACKAGE "trans"
| #define VERSION "1.0"
| /* end confdefs.h.  */
| #include <ac_nonexistent.h>
configure:7506: result: gcc -E
configure:7526: gcc -E  conftest.c
configure:7526: $? = 0
configure:7540: gcc -E  conftest.c
conftest.c:11:28: fatal error: ac_nonexistent.h: No such file or directory
compilation terminated.
configure:7540: $? = 1
configure: failed program was:
| /* confdefs.h */
| #define PACKAGE_NAME "trans"
| #define PACKAGE_TARNAME "trans"
| #define PACKAGE_VERSION "1.0"
| #define PACKAGE_STRING "trans 1.0"
| #define PACKAGE_BUGREPORT "de-li.zhang@knights.ucf.edu"
| #define PACKAGE_URL ""
| #define PACKAGE "trans"
| #define VERSION "1.0"
| /* end confdefs.h.  */
| #include <ac_nonexistent.h>
configure:7569: checking for ANSI C header files
configure:7589: gcc -c -g -O2  conftest.c >&5
configure:7589: $? = 0
configure:7662: gcc -o conftest -g -O2   conftest.c  >&5
configure:7662: $? = 0
configure:7662: ./conftest
configure:7662: $? = 0
configure:7673: result: yes
configure:7686: checking for sys/types.h
configure:7686: gcc -c -g -O2  conftest.c >&5
configure:7686: $? = 0
configure:7686: result: yes
configure:7686: checking for sys/stat.h
configure:7686: gcc -c -g -O2  conftest.c >&5
configure:7686: $? = 0
configure:7686: result: yes
configure:7686: checking for stdlib.h
configure:7686: gcc -c -g -O2  conftest.c >&5
configure:7686: $? = 0
configure:7686: result: yes
configure:7686: checking for string.h
configure:7686: gcc -c -g -O2  conftest.c >&5
configure:7686: $? = 0
configure:7686: result: yes
configure:7686: checking for memory.h
configure:7686: gcc -c -g -O2  conftest.c >&5
configure:7686: $? = 0
configure:7686: result: yes
configure:7686: checking for strings.h
configure:7686: gcc -c -g -O2  conftest.c >&5
configure:7686: $? = 0
configure:7686: result: yes
configure:7686: checking for inttypes.h
configure:7686: gcc -c -g -O2  conftest.c >&5
configure:7686: $? = 0
configure:7686: result: yes
configure:7686: checking for stdint.h
configure:7686: gcc -c -g -O2  conftest.c >&5
configure:7686: $? = 0
configure:7686: result: yes
configure:7686: checking for unistd.h
configure:7686: gcc -c -g -O2  conftest.c >&5
configure:7686: $? = 0
configure:7686: result: yes
configure:7700: checking for dlfcn.h
configure:7700: gcc -c -g -O2  conftest.c >&5
configure:7700: $? = 0
configure:7700: result: yes
configure:7956: checking for objdir
configure:7971: result: .libs
configure:8235: checking if gcc supports -fno-rtti -fno-exceptions
configure:8253: gcc -c -g -O2  -fno-rtti -fno-exceptions conftest.c >&5
cc1: warning: command line option '-fno-rtti' is valid for C++/ObjC++ but not for C
configure:8257: $? = 0
configure:8270: result: no
configure:8628: checking for gcc option to produce PIC
configure:8635: result: -fPIC -DPIC
configure:8643: checking if gcc PIC flag -fPIC -DPIC works
configure:8661: gcc -c -g -O2  -fPIC -DPIC -DPIC conftest.c >&5
configure:8665: $? = 0
configure:8678: result: yes
configure:8707: checking if gcc static flag -static works
configure:8735: result: yes
configure:8750: checking if gcc supports -c -o file.o
configure:8771: gcc -c -g -O2  -o out/conftest2.o conftest.c >&5
configure:8775: $? = 0
configure:8797: result: yes
configure:8805: checking if gcc supports -c -o file.o
configure:8852: result: yes
configure:8885: checking whether the gcc linker (/usr/bin/ld -m elf_x86_64) supports shared libraries
configure:10148: result: yes
configure:10185: checking whether -lc should be explicitly linked in
configure:10193: gcc -c -g -O2  conftest.c >&5
configure:10196: $? = 0
configure:10211: gcc -shared  -fPIC -DPIC conftest.o  -v -Wl,-soname -Wl,conftest -o conftest 2\>\&1 \| /bin/grep  -lc  \>/dev/null 2\>\&1
configure:10214: $? = 0
configure:10228: result: no
configure:10388: checking dynamic linker characteristics
configure:10969: gcc -o conftest -g -O2   -Wl,-rpath -Wl,/foo conftest.c  >&5
configure:10969: $? = 0
configure:11218: result: GNU/Linux ld.so
configure:11340: checking how to hardcode library paths into programs
configure:11365: result: immediate
configure:11913: checking whether stripping libraries is possible
configure:11918: result: yes
configure:11953: checking if libtool supports shared libraries
configure:11955: result: yes
configure:11958: checking whether to build shared libraries
configure:11983: result: yes
configure:11986: checking whether to build static libraries
configure:11990: result: yes
configure:12089: checking for g++
configure:12105: found /usr/bin/g++
configure:12116: result: g++
configure:12143: checking for C++ compiler version
configure:12152: g++ --version >&5
g++ (Ubuntu 5.4.0-6ubuntu1~16.04.5) 5.4.0 20160609
Copyright (C) 2015 Free Software Foundation, Inc.
This is free software; see the source for copying conditions.  There is NO
warranty; not even for MERCHANTABILITY or FITNESS FOR A PARTICULAR PURPOSE.

configure:12163: $? = 0
configure:12152: g++ -v >&5
Using built-in specs.
COLLECT_GCC=g++
COLLECT_LTO_WRAPPER=/usr/lib/gcc/x86_64-linux-gnu/5/lto-wrapper
Target: x86_64-linux-gnu
Configured with: ../src/configure -v --with-pkgversion='Ubuntu 5.4.0-6ubuntu1~16.04.5' --with-bugurl=file:///usr/share/doc/gcc-5/README.Bugs --enable-languages=c,ada,c++,java,go,d,fortran,objc,obj-c++ --prefix=/usr --program-suffix=-5 --enable-shared --enable-linker-build-id --libexecdir=/usr/lib --without-included-gettext --enable-threads=posix --libdir=/usr/lib --enable-nls --with-sysroot=/ --enable-clocale=gnu --enable-libstdcxx-debug --enable-libstdcxx-time=yes --with-default-libstdcxx-abi=new --enable-gnu-unique-object --disable-vtable-verify --enable-libmpx --enable-plugin --with-system-zlib --disable-browser-plugin --enable-java-awt=gtk --enable-gtk-cairo --with-java-home=/usr/lib/jvm/java-1.5.0-gcj-5-amd64/jre --enable-java-home --with-jvm-root-dir=/usr/lib/jvm/java-1.5.0-gcj-5-amd64 --with-jvm-jar-dir=/usr/lib/jvm-exports/java-1.5.0-gcj-5-amd64 --with-arch-directory=amd64 --with-ecj-jar=/usr/share/java/eclipse-ecj.jar --enable-objc-gc --enable-multiarch --disable-werror --with-arch-32=i686 --with-abi=m64 --with-multilib-list=m32,m64,mx32 --enable-multilib --with-tune=generic --enable-checking=release --build=x86_64-linux-gnu --host=x86_64-linux-gnu --target=x86_64-linux-gnu
Thread model: posix
gcc version 5.4.0 20160609 (Ubuntu 5.4.0-6ubuntu1~16.04.5) 
configure:12163: $? = 0
configure:12152: g++ -V >&5
g++: error: unrecognized command line option '-V'
g++: fatal error: no input files
compilation terminated.
configure:12163: $? = 1
configure:12152: g++ -qversion >&5
g++: error: unrecognized command line option '-qversion'
g++: fatal error: no input files
compilation terminated.
configure:12163: $? = 1
configure:12167: checking whether we are using the GNU C++ compiler
configure:12186: g++ -c -O3 -DNDEBUG  conftest.cpp >&5
configure:12186: $? = 0
configure:12195: result: yes
configure:12204: checking whether g++ accepts -g
configure:12224: g++ -c -g  conftest.cpp >&5
configure:12224: $? = 0
configure:12265: result: yes
configure:12290: checking dependency style of g++
configure:12401: result: gcc3
configure:12434: checking how to run the C++ preprocessor
configure:12461: g++ -E  conftest.cpp
configure:12461: $? = 0
configure:12475: g++ -E  conftest.cpp
conftest.cpp:23:28: fatal error: ac_nonexistent.h: No such file or directory
compilation terminated.
configure:12475: $? = 1
configure: failed program was:
| /* confdefs.h */
| #define PACKAGE_NAME "trans"
| #define PACKAGE_TARNAME "trans"
| #define PACKAGE_VERSION "1.0"
| #define PACKAGE_STRING "trans 1.0"
| #define PACKAGE_BUGREPORT "de-li.zhang@knights.ucf.edu"
| #define PACKAGE_URL ""
| #define PACKAGE "trans"
| #define VERSION "1.0"
| #define STDC_HEADERS 1
| #define HAVE_SYS_TYPES_H 1
| #define HAVE_SYS_STAT_H 1
| #define HAVE_STDLIB_H 1
| #define HAVE_STRING_H 1
| #define HAVE_MEMORY_H 1
| #define HAVE_STRINGS_H 1
| #define HAVE_INTTYPES_H 1
| #define HAVE_STDINT_H 1
| #define HAVE_UNISTD_H 1
| #define HAVE_DLFCN_H 1
| #define LT_OBJDIR ".libs/"
| /* end confdefs.h.  */
| #include <ac_nonexistent.h>
configure:12500: result: g++ -E
configure:12520: g++ -E  conftest.cpp
configure:12520: $? = 0
configure:12534: g++ -E  conftest.cpp
conftest.cpp:23:28: fatal error: ac_nonexistent.h: No such file or directory
compilation terminated.
configure:12534: $? = 1
configure: failed program was:
| /* confdefs.h */
| #define PACKAGE_NAME "trans"
| #define PACKAGE_TARNAME "trans"
| #define PACKAGE_VERSION "1.0"
| #define PACKAGE_STRING "trans 1.0"
| #define PACKAGE_BUGREPORT "de-li.zhang@knights.ucf.edu"
| #define PACKAGE_URL ""
| #define PACKAGE "trans"
| #define VERSION "1.0"
| #define STDC_HEADERS 1
| #define HAVE_SYS_TYPES_H 1
| #define HAVE_SYS_STAT_H 1
| #define HAVE_STDLIB_H 1
| #define HAVE_STRING_H 1
| #define HAVE_MEMORY_H 1
| #define HAVE_STRINGS_H 1
| #define HAVE_INTTYPES_H 1
| #define HAVE_STDINT_H 1
| #define HAVE_UNISTD_H 1
| #define HAVE_DLFCN_H 1
| #define LT_OBJDIR ".libs/"
| /* end confdefs.h.  */
| #include <ac_nonexistent.h>
configure:12696: checking for ld used by g++
configure:12763: result: /usr/bin/ld -m elf_x86_64
configure:12770: checking if the linker (/usr/bin/ld -m elf_x86_64) is GNU ld
configure:12785: result: yes
configure:12840: checking whether the g++ linker (/usr/bin/ld -m elf_x86_64) supports shared libraries
configure:13913: result: yes
configure:13949: g++ -c -O3 -DNDEBUG  conftest.cpp >&5
configure:13952: $? = 0
configure:14433: checking for g++ option to produce PIC
configure:14440: result: -fPIC -DPIC
configure:14448: checking if g++ PIC flag -fPIC -DPIC works
configure:14466: g++ -c -O3 -DNDEBUG  -fPIC -DPIC -DPIC conftest.cpp >&5
configure:14470: $? = 0
configure:14483: result: yes
configure:14506: checking if g++ static flag -static works
configure:14534: result: yes
configure:14546: checking if g++ supports -c -o file.o
configure:14567: g++ -c -O3 -DNDEBUG  -o out/conftest2.o conftest.cpp >&5
configure:14571: $? = 0
configure:14593: result: yes
configure:14598: checking if g++ supports -c -o file.o
configure:14645: result: yes
configure:14675: checking whether the g++ linker (/usr/bin/ld -m elf_x86_64) supports shared libraries
configure:14718: result: yes
configure:14859: checking dynamic linker characteristics
configure:15616: result: GNU/Linux ld.so
configure:15681: checking how to hardcode library paths into programs
configure:15706: result: immediate
configure:15794: checking for gcc
configure:15821: result: gcc
configure:16050: checking for C compiler version
configure:16059: gcc --version >&5
gcc (Ubuntu 5.4.0-6ubuntu1~16.04.5) 5.4.0 20160609
Copyright (C) 2015 Free Software Foundation, Inc.
This is free software; see the source for copying conditions.  There is NO
warranty; not even for MERCHANTABILITY or FITNESS FOR A PARTICULAR PURPOSE.

configure:16070: $? = 0
configure:16059: gcc -v >&5
Using built-in specs.
COLLECT_GCC=gcc
COLLECT_LTO_WRAPPER=/usr/lib/gcc/x86_64-linux-gnu/5/lto-wrapper
Target: x86_64-linux-gnu
Configured with: ../src/configure -v --with-pkgversion='Ubuntu 5.4.0-6ubuntu1~16.04.5' --with-bugurl=file:///usr/share/doc/gcc-5/README.Bugs --enable-languages=c,ada,c++,java,go,d,fortran,objc,obj-c++ --prefix=/usr --program-suffix=-5 --enable-shared --enable-linker-build-id --libexecdir=/usr/lib --without-included-gettext --enable-threads=posix --libdir=/usr/lib --enable-nls --with-sysroot=/ --enable-clocale=gnu --enable-libstdcxx-debug --enable-libstdcxx-time=yes --with-default-libstdcxx-abi=new --enable-gnu-unique-object --disable-vtable-verify --enable-libmpx --enable-plugin --with-system-zlib --disable-browser-plugin --enable-java-awt=gtk --enable-gtk-cairo --with-java-home=/usr/lib/jvm/java-1.5.0-gcj-5-amd64/jre --enable-java-home --with-jvm-root-dir=/usr/lib/jvm/java-1.5.0-gcj-5-amd64 --with-jvm-jar-dir=/usr/lib/jvm-exports/java-1.5.0-gcj-5-amd64 --with-arch-directory=amd64 --with-ecj-jar=/usr/share/java/eclipse-ecj.jar --enable-objc-gc --enable-multiarch --disable-werror --with-arch-32=i686 --with-abi=m64 --with-multilib-list=m32,m64,mx32 --enable-multilib --with-tune=generic --enable-checking=release --build=x86_64-linux-gnu --host=x86_64-linux-gnu --target=x86_64-linux-gnu
Thread model: posix
gcc version 5.4.0 20160609 (Ubuntu 5.4.0-6ubuntu1~16.04.5) 
configure:16070: $? = 0
configure:16059: gcc -V >&5
gcc: error: unrecognized command line option '-V'
gcc: fatal error: no input files
compilation terminated.
configure:16070: $? = 1
configure:16059: gcc -qversion >&5
gcc: error: unrecognized command line option '-qversion'
gcc: fatal error: no input files
compilation terminated.
configure:16070: $? = 1
configure:16074: checking whether we are using the GNU C compiler
configure:16102: result: yes
configure:16111: checking whether gcc accepts -g
configure:16172: result: yes
configure:16189: checking for gcc option to accept ISO C89
configure:16265: result: none needed
configure:16290: checking whether gcc understands -c and -o together
configure:16327: result: yes
configure:16346: checking dependency style of gcc
configure:16457: result: gcc3
configure:16477: checking how to run the C preprocessor
configure:16547: result: gcc -E
configure:16567: gcc -E  conftest.c
configure:16567: $? = 0
configure:16581: gcc -E  conftest.c
conftest.c:23:28: fatal error: ac_nonexistent.h: No such file or directory
compilation terminated.
configure:16581: $? = 1
configure: failed program was:
| /* confdefs.h */
| #define PACKAGE_NAME "trans"
| #define PACKAGE_TARNAME "trans"
| #define PACKAGE_VERSION "1.0"
| #define PACKAGE_STRING "trans 1.0"
| #define PACKAGE_BUGREPORT "de-li.zhang@knights.ucf.edu"
| #define PACKAGE_URL ""
| #define PACKAGE "trans"
| #define VERSION "1.0"
| #define STDC_HEADERS 1
| #define HAVE_SYS_TYPES_H 1
| #define HAVE_SYS_STAT_H 1
| #define HAVE_STDLIB_H 1
| #define HAVE_STRING_H 1
| #define HAVE_MEMORY_H 1
| #define HAVE_STRINGS_H 1
| #define HAVE_INTTYPES_H 1
| #define HAVE_STDINT_H 1
| #define HAVE_UNISTD_H 1
| #define HAVE_DLFCN_H 1
| #define LT_OBJDIR ".libs/"
| /* end confdefs.h.  */
| #include <ac_nonexistent.h>
configure:16611: checking whether ln -s works
configure:16615: result: yes
configure:16622: checking whether make sets $(MAKE)
configure:16644: result: yes
configure:16655: checking for pthread_create in -lpthread
configure:16680: gcc -o conftest -g -O2   conftest.c -lpthread   >&5
configure:16680: $? = 0
configure:16689: result: yes
configure:16757: checking for boostlib >= 1.37
configure:16811: g++ -c -O3 -DNDEBUG  -I/usr/include conftest.cpp >&5
configure:16811: $? = 0
configure:16813: result: yes
configure:16955: checking for main in -ltbb
configure:16974: gcc -o conftest -g -O2   conftest.c -ltbb  -lpthread  >&5
configure:16974: $? = 0
configure:16983: result: yes
configure:17003: checking for malloc in -ltcmalloc
configure:17028: gcc -o conftest -g -O2   conftest.c -ltcmalloc  -ltbb -lpthread  >&5
conftest.c:33:6: warning: conflicting types for built-in function 'malloc'
 char malloc ();
      ^
configure:17028: $? = 0
configure:17037: result: yes
configure:17057: checking for cos in -lm
configure:17082: gcc -o conftest -g -O2   conftest.c -lm  -ltcmalloc -ltbb -lpthread  >&5
conftest.c:34:6: warning: conflicting types for built-in function 'cos'
 char cos ();
      ^
configure:17082: $? = 0
configure:17091: result: yes
configure:17102: checking for cblas_dgemm in -lgslcblas
configure:17127: gcc -o conftest -g -O2   conftest.c -lgslcblas  -lm -ltcmalloc -ltbb -lpthread  >&5
configure:17127: $? = 0
configure:17136: result: yes
configure:17147: checking for gsl_blas_dgemm in -lgsl
configure:17172: gcc -o conftest -g -O2   conftest.c -lgsl  -lgslcblas -lm -ltcmalloc -ltbb -lpthread  >&5
configure:17172: $? = 0
configure:17181: result: yes
configure:17209: checking for gettimeofday
configure:17209: gcc -o conftest -g -O2   conftest.c -lgsl -lgslcblas -lm -ltcmalloc -ltbb -lpthread  >&5
configure:17209: $? = 0
configure:17209: result: yes
configure:17209: checking for getrusage
configure:17209: gcc -o conftest -g -O2   conftest.c -lgsl -lgslcblas -lm -ltcmalloc -ltbb -lpthread  >&5
configure:17209: $? = 0
configure:17209: result: yes
configure:17220: checking for clock_gettime
configure:17220: gcc -o conftest -g -O2   conftest.c -lgsl -lgslcblas -lm -ltcmalloc -ltbb -lpthread  >&5
configure:17220: $? = 0
configure:17220: result: yes
configure:17385: checking that generated files are newer than configure
configure:17391: result: done
configure:17422: creating ./config.status

## ---------------------- ##
## Running config.status. ##
## ---------------------- ##

This file was extended by trans config.status 1.0, which was
generated by GNU Autoconf 2.69.  Invocation command line was

  CONFIG_FILES    = 
  CONFIG_HEADERS  = 
  CONFIG_LINKS    = 
  CONFIG_COMMANDS = 
  $ ./config.status 

on Vedan.iith.ac.in

config.status:1163: creating Makefile
config.status:1163: creating src/Makefile
config.status:1163: creating src/common/fraser/Makefile
config.status:1163: creating src/boosting/skiplist/Makefile
config.status:1163: creating src/config.h
config.status:1377: executing depfiles commands
config.status:1377: executing libtool commands

## ---------------- ##
## Cache variables. ##
## ---------------- ##

ac_cv_build=x86_64-pc-linux-gnu
ac_cv_c_compiler_gnu=yes
ac_cv_cxx_compiler_gnu=yes
ac_cv_env_CCC_set=
ac_cv_env_CCC_value=
ac_cv_env_CC_set=
ac_cv_env_CC_value=
ac_cv_env_CFLAGS_set=
ac_cv_env_CFLAGS_value=
ac_cv_env_CPPFLAGS_set=
ac_cv_env_CPPFLAGS_value=
ac_cv_env_CPP_set=
ac_cv_env_CPP_value=
ac_cv_env_CXXCPP_set=
ac_cv_env_CXXCPP_value=
ac_cv_env_CXXFLAGS_set=
ac_cv_env_CXXFLAGS_value=
ac_cv_env_CXX_set=
ac_cv_env_CXX_value=
ac_cv_env_LDFLAGS_set=
ac_cv_env_LDFLAGS_value=
ac_cv_env_LIBS_set=
ac_cv_env_LIBS_value=
ac_cv_env_LT_SYS_LIBRARY_PATH_set=
ac_cv_env_LT_SYS_LIBRARY_PATH_value=
ac_cv_env_build_alias_set=
ac_cv_env_build_alias_value=
ac_cv_env_host_alias_set=
ac_cv_env_host_alias_value=
ac_cv_env_target_alias_set=
ac_cv_env_target_alias_value=
ac_cv_func_clock_gettime=yes
ac_cv_func_getrusage=yes
ac_cv_func_gettimeofday=yes
ac_cv_header_dlfcn_h=yes
ac_cv_header_inttypes_h=yes
ac_cv_header_memory_h=yes
ac_cv_header_stdc=yes
ac_cv_header_stdint_h=yes
ac_cv_header_stdlib_h=yes
ac_cv_header_string_h=yes
ac_cv_header_strings_h=yes
ac_cv_header_sys_stat_h=yes
ac_cv_header_sys_types_h=yes
ac_cv_header_unistd_h=yes
ac_cv_host=x86_64-pc-linux-gnu
ac_cv_lib_gsl_gsl_blas_dgemm=yes
ac_cv_lib_gslcblas_cblas_dgemm=yes
ac_cv_lib_m_cos=yes
ac_cv_lib_pthread_pthread_create=yes
ac_cv_lib_tbb_main=yes
ac_cv_lib_tcmalloc_malloc=yes
ac_cv_objext=o
ac_cv_path_EGREP='/bin/grep -E'
ac_cv_path_FGREP='/bin/grep -F'
ac_cv_path_GREP=/bin/grep
ac_cv_path_SED=/bin/sed
ac_cv_path_install='/usr/bin/install -c'
ac_cv_path_lt_DD=/bin/dd
ac_cv_path_mkdir=/bin/mkdir
ac_cv_prog_AWK=gawk
ac_cv_prog_CPP='gcc -E'
ac_cv_prog_CXXCPP='g++ -E'
ac_cv_prog_ac_ct_AR=ar
ac_cv_prog_ac_ct_CC=gcc
ac_cv_prog_ac_ct_CXX=g++
ac_cv_prog_ac_ct_MANIFEST_TOOL=mt
ac_cv_prog_ac_ct_OBJDUMP=objdump
ac_cv_prog_ac_ct_RANLIB=ranlib
ac_cv_prog_ac_ct_STRIP=strip
ac_cv_prog_cc_c89=
ac_cv_prog_cc_g=yes
ac_cv_prog_cxx_g=yes
ac_cv_prog_make_make_set=yes
am_cv_CC_dependencies_compiler_type=gcc3
am_cv_CXX_dependencies_compiler_type=gcc3
am_cv_make_support_nested_variables=yes
am_cv_prog_cc_c_o=yes
lt_cv_ar_at_file=@
lt_cv_archive_cmds_need_lc=no
lt_cv_deplibs_check_method=pass_all
lt_cv_file_magic_cmd='$MAGIC_CMD'
lt_cv_file_magic_test_file=
lt_cv_ld_reload_flag=-r
lt_cv_nm_interface='BSD nm'
lt_cv_objdir=.libs
lt_cv_path_LD=/usr/bin/ld
lt_cv_path_LDCXX='/usr/bin/ld -m elf_x86_64'
lt_cv_path_NM='/usr/bin/nm -B'
lt_cv_path_mainfest_tool=no
lt_cv_prog_compiler_c_o=yes
lt_cv_prog_compiler_c_o_CXX=yes
lt_cv_prog_compiler_pic='-fPIC -DPIC'
lt_cv_prog_compiler_pic_CXX='-fPIC -DPIC'
lt_cv_prog_compiler_pic_works=yes
lt_cv_prog_compiler_pic_works_CXX=yes
lt_cv_prog_compiler_rtti_exceptions=no
lt_cv_prog_compiler_static_works=yes
lt_cv_prog_compiler_static_works_CXX=yes
lt_cv_prog_gnu_ld=yes
lt_cv_prog_gnu_ldcxx=yes
lt_cv_sharedlib_from_linklib_cmd='printf %s\n'
lt_cv_shlibpath_overrides_runpath=no
lt_cv_sys_global_symbol_pipe='sed -n -e '\''s/^.*[	 ]\([ABCDGIRSTW][ABCDGIRSTW]*\)[	 ][	 ]*\([_A-Za-z][_A-Za-z0-9]*\)$/\1 \2 \2/p'\'' | sed '\''/ __gnu_lto/d'\'''
lt_cv_sys_global_symbol_to_c_name_address='sed -n -e '\''s/^: \(.*\) .*$/  {"\1", (void *) 0},/p'\'' -e '\''s/^[ABCDGIRSTW][ABCDGIRSTW]* .* \(.*\)$/  {"\1", (void *) \&\1},/p'\'''
lt_cv_sys_global_symbol_to_c_name_address_lib_prefix='sed -n -e '\''s/^: \(.*\) .*$/  {"\1", (void *) 0},/p'\'' -e '\''s/^[ABCDGIRSTW][ABCDGIRSTW]* .* \(lib.*\)$/  {"\1", (void *) \&\1},/p'\'' -e '\''s/^[ABCDGIRSTW][ABCDGIRSTW]* .* \(.*\)$/  {"lib\1", (void *) \&\1},/p'\'''
lt_cv_sys_global_symbol_to_cdecl='sed -n -e '\''s/^T .* \(.*\)$/extern int \1();/p'\'' -e '\''s/^[ABCDGIRSTW][ABCDGIRSTW]* .* \(.*\)$/extern char \1;/p'\'''
lt_cv_sys_global_symbol_to_import=
lt_cv_sys_max_cmd_len=1572864
lt_cv_to_host_file_cmd=func_convert_file_noop
lt_cv_to_tool_file_cmd=func_convert_file_noop
lt_cv_truncate_bin='/bin/dd bs=4096 count=1'

## ----------------- ##
## Output variables. ##
## ----------------- ##

ACLOCAL='${SHELL} /home/sathya/aj-ws/ws-tlds/trans-dev/bin/missing aclocal-1.15'
AMDEPBACKSLASH='\'
AMDEP_FALSE='#'
AMDEP_TRUE=''
AMTAR='$${TAR-tar}'
AM_BACKSLASH='\'
AM_DEFAULT_V='$(AM_DEFAULT_VERBOSITY)'
AM_DEFAULT_VERBOSITY='1'
AM_V='$(V)'
AR='ar'
AUTOCONF='${SHELL} /home/sathya/aj-ws/ws-tlds/trans-dev/bin/missing autoconf'
AUTOHEADER='${SHELL} /home/sathya/aj-ws/ws-tlds/trans-dev/bin/missing autoheader'
AUTOMAKE='${SHELL} /home/sathya/aj-ws/ws-tlds/trans-dev/bin/missing automake-1.15'
AWK='gawk'
BOOST_CPPFLAGS='-I/usr/include'
BOOST_LDFLAGS='-L/usr/lib'
CC='gcc'
CCDEPMODE='depmode=gcc3'
CFLAGS='-g -O2'
CPP='gcc -E'
CPPFLAGS=''
CXX='g++'
CXXCPP='g++ -E'
CXXDEPMODE='depmode=gcc3'
CXXFLAGS='-O3 -DNDEBUG'
CYGPATH_W='echo'
DEFS='-DHAVE_CONFIG_H'
DEPDIR='.deps'
DLLTOOL='false'
DSYMUTIL=''
DUMPBIN=''
ECHO_C=''
ECHO_N='-n'
ECHO_T=''
EGREP='/bin/grep -E'
EXEEXT=''
FGREP='/bin/grep -F'
GREP='/bin/grep'
INSTALL_DATA='${INSTALL} -m 644'
INSTALL_PROGRAM='${INSTALL}'
INSTALL_SCRIPT='${INSTALL}'
INSTALL_STRIP_PROGRAM='$(install_sh) -c -s'
LD='/usr/bin/ld -m elf_x86_64'
LDFLAGS=''
LIBOBJS=''
LIBS='-lgsl -lgslcblas -lm -ltcmalloc -ltbb -lpthread '
LIBTOOL='$(SHELL) $(top_builddir)/libtool'
LIPO=''
LN_S='ln -s'
LTLIBOBJS=''
LT_SYS_LIBRARY_PATH=''
MAKEINFO='${SHELL} /home/sathya/aj-ws/ws-tlds/trans-dev/bin/missing makeinfo'
MANIFEST_TOOL=':'
MKDIR_P='/bin/mkdir -p'
NM='/usr/bin/nm -B'
NMEDIT=''
OBJDUMP='objdump'
OBJEXT='o'
OTOOL64=''
OTOOL=''
PACKAGE='trans'
PACKAGE_BUGREPORT='de-li.zhang@knights.ucf.edu'
PACKAGE_NAME='trans'
PACKAGE_STRING='trans 1.0'
PACKAGE_TARNAME='trans'
PACKAGE_URL=''
PACKAGE_VERSION='1.0'
PATH_SEPARATOR=':'
RANLIB='ranlib'
SED='/bin/sed'
SET_MAKE=''
SHELL='/bin/bash'
STRIP='strip'
VERSION='1.0'
WARN_FLAGS='-Wall'
ac_ct_AR='ar'
ac_ct_CC='gcc'
ac_ct_CXX='g++'
ac_ct_DUMPBIN=''
am__EXEEXT_FALSE=''
am__EXEEXT_TRUE='#'
am__fastdepCC_FALSE='#'
am__fastdepCC_TRUE=''
am__fastdepCXX_FALSE='#'
am__fastdepCXX_TRUE=''
am__include='include'
am__isrc=' -I$(srcdir)'
am__leading_dot='.'
am__nodep='_no'
am__quote=''
am__tar='$${TAR-tar} chof - "$$tardir"'
am__untar='$${TAR-tar} xf -'
bindir='${exec_prefix}/bin'
build='x86_64-pc-linux-gnu'
build_alias=''
build_cpu='x86_64'
build_os='linux-gnu'
build_vendor='pc'
datadir='${datarootdir}'
datarootdir='${prefix}/share'
docdir='${datarootdir}/doc/${PACKAGE_TARNAME}'
dvidir='${docdir}'
exec_prefix='${prefix}'
host='x86_64-pc-linux-gnu'
host_alias=''
host_cpu='x86_64'
host_os='linux-gnu'
host_vendor='pc'
htmldir='${docdir}'
includedir='${prefix}/include'
infodir='${datarootdir}/info'
install_sh='${SHELL} /home/sathya/aj-ws/ws-tlds/trans-dev/bin/install-sh'
libdir='${exec_prefix}/lib'
libexecdir='${exec_prefix}/libexec'
localedir='${datarootdir}/locale'
localstatedir='${prefix}/var'
mandir='${datarootdir}/man'
mkdir_p='$(MKDIR_P)'
oldincludedir='/usr/include'
pdfdir='${docdir}'
prefix='/usr/local'
program_transform_name='s,x,x,'
psdir='${docdir}'
runstatedir='${localstatedir}/run'
sbindir='${exec_prefix}/sbin'
sharedstatedir='${prefix}/com'
sysconfdir='${prefix}/etc'
target_alias=''

## ----------- ##
## confdefs.h. ##
## ----------- ##

/* confdefs.h */
#define PACKAGE_NAME "trans"
#define PACKAGE_TARNAME "trans"
#define PACKAGE_VERSION "1.0"
#define PACKAGE_STRING "trans 1.0"
#define PACKAGE_BUGREPORT "de-li.zhang@knights.ucf.edu"
#define PACKAGE_URL ""
#define PACKAGE "trans"
#define VERSION "1.0"
#define STDC_HEADERS 1
#define HAVE_SYS_TYPES_H 1
#define HAVE_SYS_STAT_H 1
#define HAVE_STDLIB_H 1
#define HAVE_STRING_H 1
#define HAVE_MEMORY_H 1
#define HAVE_STRINGS_H 1
#define HAVE_INTTYPES_H 1
#define HAVE_STDINT_H 1
#define HAVE_UNISTD_H 1
#define HAVE_DLFCN_H 1
#define LT_OBJDIR ".libs/"
#define HAVE_LIBPTHREAD 1
#define HAVE_BOOST /**/
#define HAVE_LIBTBB 1
#define HAVE_LIBTCMALLOC 1
#define HAVE_LIBM 1
#define HAVE_LIBGSLCBLAS 1
#define HAVE_LIBGSL 1
#define HAVE_GETTIMEOFDAY 1
#define HAVE_GETRUSAGE 1
#define HAVE_CLOCK_GETTIME 1

configure: exit 0
